<?xml version="1.0" encoding="UTF-8"?>
<!-- Generated by org.testng.reporters.JUnitReportReporter -->
<testsuite skipped="0" hostname="DESKTOP-TH6DJP5" name="users.Acti_CreateChart_054_Test" tests="1" failures="0" timestamp="2022-03-02T18:32:27 IST" time="26.939" errors="0">
  <testcase name="test3" time="26.939" classname="users.Acti_CreateChart_054_Test"/>
  <system-out/>
</testsuite> <!-- users.Acti_CreateChart_054_Test -->
