<?xml version="1.0" encoding="UTF-8"?>
<!-- Generated by org.testng.reporters.JUnitReportReporter -->
<testsuite skipped="0" hostname="DESKTOP-TH6DJP5" name="users.SampleTestCase3" tests="1" failures="0" timestamp="2022-03-02T10:10:14 IST" time="21.976" errors="0">
  <testcase name="test3" time="21.976" classname="users.SampleTestCase3"/>
  <system-out/>
</testsuite> <!-- users.SampleTestCase3 -->
