<?xml version="1.0" encoding="UTF-8"?>
<!-- Generated by org.testng.reporters.JUnitReportReporter -->
<testsuite skipped="0" hostname="DESKTOP-TH6DJP5" name="users.Acti_CreateChart_053_Test" tests="1" failures="0" timestamp="2022-03-02T18:13:00 IST" time="22.347" errors="0">
  <testcase name="sample" time="22.347" classname="users.Acti_CreateChart_053_Test"/>
  <system-out/>
</testsuite> <!-- users.Acti_CreateChart_053_Test -->
